<?xml version="1.0" encoding="UTF-8"?>
<!-- Generated by org.testng.reporters.JUnitReportReporter -->
<testsuite skipped="0" hostname="priya.bajwa" name="org.firstpage.tatoc.FirstPageTest" tests="2" failures="0" timestamp="01 Mar 2019 09:24:49 GMT" time="0.370" errors="0">
  <testcase name="clickGreenBox" time="0.217" classname="org.firstpage.tatoc.FirstPageTest"/>
  <testcase name="clickRedBox" time="0.153" classname="org.firstpage.tatoc.FirstPageTest"/>
</testsuite> <!-- org.firstpage.tatoc.FirstPageTest -->
