<?xml version="1.0" encoding="UTF-8"?>
<!-- Generated by org.testng.reporters.JUnitReportReporter -->
<testsuite skipped="0" hostname="priya.bajwa" name="org.firstpage.tatoc.DragAndDrop" tests="2" failures="0" timestamp="01 Mar 2019 10:25:14 GMT" time="0.589" errors="0">
  <testcase name="dragBoxProceedsToNextPage" time="0.327" classname="org.firstpage.tatoc.DragAndDrop"/>
  <testcase name="dragBoxProceedsToErrorPage" time="0.262" classname="org.firstpage.tatoc.DragAndDrop"/>
</testsuite> <!-- org.firstpage.tatoc.DragAndDrop -->
