<?xml version="1.0" encoding="UTF-8"?>
<!-- Generated by org.testng.reporters.JUnitReportReporter -->
<testsuite skipped="0" hostname="priya.bajwa" name="org.pages.tatoc.FrameDungeon" tests="3" failures="0" timestamp="06 Mar 2019 13:25:39 GMT" time="0.677" errors="0">
  <testcase name="clickRepaintBox2" time="0.178" classname="org.pages.tatoc.FrameDungeon"/>
  <testcase name="proceedAfterRepaint" time="0.196" classname="org.pages.tatoc.FrameDungeon"/>
  <testcase name="boxColourCheck" time="0.303" classname="org.pages.tatoc.FrameDungeon"/>
</testsuite> <!-- org.pages.tatoc.FrameDungeon -->
