<?xml version="1.0" encoding="UTF-8"?>
<!-- Generated by org.testng.reporters.JUnitReportReporter -->
<testsuite skipped="0" hostname="priya.bajwa" name="org.pages.tatoc.CookieHandling" tests="3" failures="0" timestamp="04 Mar 2019 07:37:59 GMT" time="0.692" errors="0">
  <testcase name="cookieGenerateTokenAndProceed" time="0.215" classname="org.pages.tatoc.CookieHandling"/>
  <testcase name="cookieSetProperly" time="0.262" classname="org.pages.tatoc.CookieHandling"/>
  <testcase name="cookieDirectProceed" time="0.215" classname="org.pages.tatoc.CookieHandling"/>
</testsuite> <!-- org.pages.tatoc.CookieHandling -->
