<?xml version="1.0" encoding="UTF-8"?>
<!-- Generated by org.testng.reporters.JUnitReportReporter -->
<testsuite skipped="0" hostname="priya.bajwa" name="org.pages.tatoc.CookieHandlingTest" tests="3" failures="0" timestamp="18 Mar 2019 08:59:08 GMT" time="0.316" errors="0">
  <testcase name="cookieDirectProceed" time="0.089" classname="org.pages.tatoc.CookieHandlingTest"/>
  <testcase name="cookieSetProperly" time="0.157" classname="org.pages.tatoc.CookieHandlingTest"/>
  <testcase name="cookieGenerateTokenAndProceed" time="0.070" classname="org.pages.tatoc.CookieHandlingTest"/>
</testsuite> <!-- org.pages.tatoc.CookieHandlingTest -->
