<?xml version="1.0" encoding="UTF-8"?>
<!-- Generated by org.testng.reporters.JUnitReportReporter -->
<testsuite skipped="0" hostname="priya.bajwa" name="org.pages.tatoc.CookieHandling" tests="3" failures="0" timestamp="05 Mar 2019 05:31:11 GMT" time="0.714" errors="0">
  <testcase name="cookieDirectProceed" time="0.228" classname="org.pages.tatoc.CookieHandling"/>
  <testcase name="cookieGenerateTokenAndProceed" time="0.234" classname="org.pages.tatoc.CookieHandling"/>
  <testcase name="cookieSetProperly" time="0.252" classname="org.pages.tatoc.CookieHandling"/>
</testsuite> <!-- org.pages.tatoc.CookieHandling -->
