<?xml version="1.0" encoding="UTF-8"?>
<!-- Generated by org.testng.reporters.JUnitReportReporter -->
<testsuite skipped="0" hostname="priya.bajwa" name="org.pages.tatoc.PopupWindows" tests="4" failures="0" timestamp="04 Mar 2019 07:54:01 GMT" time="1.206" errors="0">
  <testcase name="launchPopupWithoutValue" time="0.420" classname="org.pages.tatoc.PopupWindows"/>
  <testcase name="launchPopupWindow" time="0.185" classname="org.pages.tatoc.PopupWindows"/>
  <testcase name="directlyProceed" time="0.179" classname="org.pages.tatoc.PopupWindows"/>
  <testcase name="popUpWindowWithValue" time="0.422" classname="org.pages.tatoc.PopupWindows"/>
</testsuite> <!-- org.pages.tatoc.PopupWindows -->
