<?xml version="1.0" encoding="UTF-8"?>
<!-- Generated by org.testng.reporters.JUnitReportReporter -->
<testsuite skipped="0" hostname="priya.bajwa" name="org.pages.tatoc.DragAndDrop" tests="2" failures="0" timestamp="06 Mar 2019 13:25:21 GMT" time="0.489" errors="0">
  <testcase name="dragBoxOpensNextPage" time="0.299" classname="org.pages.tatoc.DragAndDrop"/>
  <testcase name="dragBoxProceedsToErrorPage" time="0.190" classname="org.pages.tatoc.DragAndDrop"/>
</testsuite> <!-- org.pages.tatoc.DragAndDrop -->
