<?xml version="1.0" encoding="UTF-8"?>
<!-- Generated by org.testng.reporters.JUnitReportReporter -->
<testsuite skipped="0" hostname="priya.bajwa" name="org.pages.tatoc.CookieHandling" tests="3" failures="0" timestamp="08 Mar 2019 06:05:46 GMT" time="0.305" errors="0">
  <testcase name="cookieSetProperly" time="0.126" classname="org.pages.tatoc.CookieHandling"/>
  <testcase name="cookieDirectProceed" time="0.073" classname="org.pages.tatoc.CookieHandling"/>
  <testcase name="cookieGenerateTokenAndProceed" time="0.106" classname="org.pages.tatoc.CookieHandling"/>
</testsuite> <!-- org.pages.tatoc.CookieHandling -->
