<?xml version="1.0" encoding="UTF-8"?>
<!-- Generated by org.testng.reporters.JUnitReportReporter -->
<testsuite skipped="0" hostname="priya.bajwa" name="org.firstpage.tatoc.PopupWindows" tests="3" failures="0" timestamp="01 Mar 2019 12:03:31 GMT" time="0.493" errors="0">
  <testcase name="openPopupWindow" time="0.142" classname="org.firstpage.tatoc.PopupWindows"/>
  <testcase name="clickOnProceed" time="0.172" classname="org.firstpage.tatoc.PopupWindows"/>
  <testcase name="popupWindow" time="0.179" classname="org.firstpage.tatoc.PopupWindows"/>
</testsuite> <!-- org.firstpage.tatoc.PopupWindows -->
