<?xml version="1.0" encoding="UTF-8"?>
<!-- Generated by org.testng.reporters.JUnitReportReporter -->
<testsuite skipped="0" hostname="priya.bajwa" name="org.firstpage.tatoc.SecondPageTest" tests="3" failures="0" timestamp="01 Mar 2019 09:33:40 GMT" time="1.057" errors="0">
  <testcase name="checkBoxesProceed" time="0.392" classname="org.firstpage.tatoc.SecondPageTest"/>
  <testcase name="repaintBox2" time="0.300" classname="org.firstpage.tatoc.SecondPageTest"/>
  <testcase name="checkBoxAfterRepaint" time="0.365" classname="org.firstpage.tatoc.SecondPageTest"/>
</testsuite> <!-- org.firstpage.tatoc.SecondPageTest -->
