<?xml version="1.0" encoding="UTF-8"?>
<!-- Generated by org.testng.reporters.JUnitReportReporter -->
<testsuite skipped="0" hostname="priya.bajwa" name="org.pages.tatoc.PopupWindows" tests="4" failures="0" timestamp="08 Mar 2019 11:22:07 GMT" time="0.578" errors="0">
  <testcase name="popUpWindowWithValue" time="0.161" classname="org.pages.tatoc.PopupWindows"/>
  <testcase name="directlyProceed" time="0.097" classname="org.pages.tatoc.PopupWindows"/>
  <testcase name="launchPopupWindow" time="0.073" classname="org.pages.tatoc.PopupWindows"/>
  <testcase name="launchPopupWithoutValue" time="0.247" classname="org.pages.tatoc.PopupWindows"/>
</testsuite> <!-- org.pages.tatoc.PopupWindows -->
