<?xml version="1.0" encoding="UTF-8"?>
<!-- Generated by org.testng.reporters.JUnitReportReporter -->
<testsuite skipped="0" hostname="priya.bajwa" name="org.pages.tatoc.DragAndDrop" tests="2" failures="0" timestamp="05 Mar 2019 05:32:29 GMT" time="0.536" errors="0">
  <testcase name="dragBoxProceedsToErrorPage" time="0.244" classname="org.pages.tatoc.DragAndDrop"/>
  <testcase name="dragBoxOpensNextPage" time="0.292" classname="org.pages.tatoc.DragAndDrop"/>
</testsuite> <!-- org.pages.tatoc.DragAndDrop -->
