<?xml version="1.0" encoding="UTF-8"?>
<!-- Generated by org.testng.reporters.JUnitReportReporter -->
<testsuite skipped="0" hostname="priya.bajwa" name="org.pages.tatoc.CookieHandling" tests="3" failures="0" timestamp="06 Mar 2019 13:26:02 GMT" time="0.353" errors="0">
  <testcase name="cookieDirectProceed" time="0.078" classname="org.pages.tatoc.CookieHandling"/>
  <testcase name="cookieSetProperly" time="0.148" classname="org.pages.tatoc.CookieHandling"/>
  <testcase name="cookieGenerateTokenAndProceed" time="0.127" classname="org.pages.tatoc.CookieHandling"/>
</testsuite> <!-- org.pages.tatoc.CookieHandling -->
