<?xml version="1.0" encoding="UTF-8"?>
<!-- Generated by org.testng.reporters.JUnitReportReporter -->
<testsuite skipped="0" hostname="priya.bajwa" name="org.firstpage.tatoc.FrameDungeon" tests="3" failures="0" timestamp="01 Mar 2019 10:24:43 GMT" time="1.096" errors="0">
  <testcase name="checkBoxesProceed" time="0.414" classname="org.firstpage.tatoc.FrameDungeon"/>
  <testcase name="repaintBox2" time="0.283" classname="org.firstpage.tatoc.FrameDungeon"/>
  <testcase name="checkBoxAfterRepaint" time="0.399" classname="org.firstpage.tatoc.FrameDungeon"/>
</testsuite> <!-- org.firstpage.tatoc.FrameDungeon -->
