<?xml version="1.0" encoding="UTF-8"?>
<!-- Generated by org.testng.reporters.JUnitReportReporter -->
<testsuite skipped="0" hostname="priya.bajwa" name="org.pages.tatoc.FrameDungeon" tests="3" failures="0" timestamp="05 Mar 2019 05:32:00 GMT" time="1.070" errors="0">
  <testcase name="clickRepaintBox2" time="0.267" classname="org.pages.tatoc.FrameDungeon"/>
  <testcase name="boxColourCheck" time="0.396" classname="org.pages.tatoc.FrameDungeon"/>
  <testcase name="proceedAfterRepaint" time="0.407" classname="org.pages.tatoc.FrameDungeon"/>
</testsuite> <!-- org.pages.tatoc.FrameDungeon -->
