<?xml version="1.0" encoding="UTF-8"?>
<!-- Generated by org.testng.reporters.JUnitReportReporter -->
<testsuite skipped="0" hostname="priya.bajwa" name="org.pages.tatoc.PopupWindows" tests="4" failures="0" timestamp="05 Mar 2019 05:32:12 GMT" time="1.128" errors="0">
  <testcase name="directlyProceed" time="0.176" classname="org.pages.tatoc.PopupWindows"/>
  <testcase name="launchPopupWithoutValue" time="0.377" classname="org.pages.tatoc.PopupWindows"/>
  <testcase name="launchPopupWindow" time="0.194" classname="org.pages.tatoc.PopupWindows"/>
  <testcase name="popUpWindowWithValue" time="0.381" classname="org.pages.tatoc.PopupWindows"/>
</testsuite> <!-- org.pages.tatoc.PopupWindows -->
