<?xml version="1.0" encoding="UTF-8"?>
<!-- Generated by org.testng.reporters.JUnitReportReporter -->
<testsuite skipped="0" hostname="priya.bajwa" name="org.pages.tatoc.CookieHandlingTest" tests="3" failures="0" timestamp="08 Mar 2019 11:22:47 GMT" time="0.345" errors="0">
  <testcase name="cookieDirectProceed" time="0.102" classname="org.pages.tatoc.CookieHandlingTest"/>
  <testcase name="cookieSetProperly" time="0.126" classname="org.pages.tatoc.CookieHandlingTest"/>
  <testcase name="cookieGenerateTokenAndProceed" time="0.117" classname="org.pages.tatoc.CookieHandlingTest"/>
</testsuite> <!-- org.pages.tatoc.CookieHandlingTest -->
