<?xml version="1.0" encoding="UTF-8"?>
<!-- Generated by org.testng.reporters.JUnitReportReporter -->
<testsuite skipped="0" hostname="priya.bajwa" name="org.pages.tatoc.FrameDungeon" tests="5" failures="0" timestamp="08 Mar 2019 11:22:24 GMT" time="0.667" errors="0">
  <testcase name="boxColourCheck" time="0.266" classname="org.pages.tatoc.FrameDungeon"/>
  <testcase name="testmethod" time="0.001" classname="org.pages.tatoc.FrameDungeon"/>
  <testcase name="testmethod" time="0.001" classname="org.pages.tatoc.FrameDungeon"/>
  <testcase name="clickRepaintBox2" time="0.197" classname="org.pages.tatoc.FrameDungeon"/>
  <testcase name="proceedAfterRepaint" time="0.202" classname="org.pages.tatoc.FrameDungeon"/>
</testsuite> <!-- org.pages.tatoc.FrameDungeon -->
