<?xml version="1.0" encoding="UTF-8"?>
<!-- Generated by org.testng.reporters.JUnitReportReporter -->
<testsuite skipped="0" hostname="priya.bajwa" name="org.pages.tatoc.PopupWindows" tests="4" failures="0" timestamp="06 Mar 2019 13:20:57 GMT" time="0.814" errors="0">
  <testcase name="popUpWindowWithValue" time="0.202" classname="org.pages.tatoc.PopupWindows"/>
  <testcase name="directlyProceed" time="0.178" classname="org.pages.tatoc.PopupWindows"/>
  <testcase name="launchPopupWindow" time="0.094" classname="org.pages.tatoc.PopupWindows"/>
  <testcase name="launchPopupWithoutValue" time="0.340" classname="org.pages.tatoc.PopupWindows"/>
</testsuite> <!-- org.pages.tatoc.PopupWindows -->
