<?xml version="1.0" encoding="UTF-8"?>
<!-- Generated by org.testng.reporters.JUnitReportReporter -->
<testsuite skipped="0" hostname="priya.bajwa" name="org.pages.tatoc.GridGate" tests="2" failures="0" timestamp="06 Mar 2019 13:14:11 GMT" time="0.349" errors="0">
  <testcase name="opensNextPage" time="0.207" classname="org.pages.tatoc.GridGate"/>
  <testcase name="proceedToErrorPage" time="0.142" classname="org.pages.tatoc.GridGate"/>
</testsuite> <!-- org.pages.tatoc.GridGate -->
