<?xml version="1.0" encoding="UTF-8"?>
<!-- Generated by org.testng.reporters.JUnitReportReporter -->
<testsuite skipped="0" hostname="priya.bajwa" name="org.firstpage.tatoc.ThirdPageTest" tests="2" failures="0" timestamp="01 Mar 2019 09:46:22 GMT" time="0.537" errors="0">
  <testcase name="dragBoxProceedsToNextPage" time="0.323" classname="org.firstpage.tatoc.ThirdPageTest"/>
  <testcase name="dragBoxProceedsToErrorPage" time="0.214" classname="org.firstpage.tatoc.ThirdPageTest"/>
</testsuite> <!-- org.firstpage.tatoc.ThirdPageTest -->
