<?xml version="1.0" encoding="UTF-8"?>
<!-- Generated by org.testng.reporters.JUnitReportReporter -->
<testsuite skipped="0" hostname="priya.bajwa" name="org.pages.tatoc.GridGate" tests="2" failures="0" timestamp="04 Mar 2019 07:09:49 GMT" time="0.362" errors="0">
  <testcase name="proceedToErrorPage" time="0.161" classname="org.pages.tatoc.GridGate"/>
  <testcase name="proceedToNextPage" time="0.201" classname="org.pages.tatoc.GridGate"/>
</testsuite> <!-- org.pages.tatoc.GridGate -->
