<?xml version="1.0" encoding="UTF-8"?>
<!-- Generated by org.testng.reporters.JUnitReportReporter -->
<testsuite skipped="0" hostname="priya.bajwa" name="org.pages.tatoc.AppTest" tests="1" failures="0" timestamp="08 Mar 2019 09:48:58 GMT" time="0.001" errors="0">
  <testcase name="simpleTest" time="0.001" classname="org.pages.tatoc.AppTest"/>
</testsuite> <!-- org.pages.tatoc.AppTest -->
