<?xml version="1.0" encoding="UTF-8"?>
<!-- Generated by org.testng.reporters.JUnitReportReporter -->
<testsuite skipped="0" hostname="priya.bajwa" name="org.pages.tatoc.CookieHandlingTest" tests="3" failures="0" timestamp="08 Mar 2019 09:48:58 GMT" time="0.333" errors="0">
  <testcase name="cookieDirectProceed" time="0.100" classname="org.pages.tatoc.CookieHandlingTest"/>
  <testcase name="cookieGenerateTokenAndProceed" time="0.099" classname="org.pages.tatoc.CookieHandlingTest"/>
  <testcase name="cookieSetProperly" time="0.134" classname="org.pages.tatoc.CookieHandlingTest"/>
</testsuite> <!-- org.pages.tatoc.CookieHandlingTest -->
